<?xml version="1.0" encoding="UTF-8"?>
<testng-results ignored="0" total="2" passed="2" failed="0" skipped="0">
  <reporter-output>
  </reporter-output>
  <suite started-at="2025-10-19T17:18:00 IST" name="Suite" finished-at="2025-10-19T17:18:12 IST" duration-ms="11370">
    <groups>
      <group name="regression">
        <method signature="TC001_AccountRegistrationTest.verify_account_registration()[pri:0, instance:testCases.TC001_AccountRegistrationTest@41d477ed]" name="verify_account_registration" class="testCases.TC001_AccountRegistrationTest"/>
      </group> <!-- regression -->
      <group name="sanity">
        <method signature="TC001_AccountRegistrationTest.verify_account_registration()[pri:0, instance:testCases.TC001_AccountRegistrationTest@41d477ed]" name="verify_account_registration" class="testCases.TC001_AccountRegistrationTest"/>
        <method signature="TC002_LoginTest.Verify_TC002_login()[pri:0, instance:testCases.TC002_LoginTest@74235045]" name="Verify_TC002_login" class="testCases.TC002_LoginTest"/>
      </group> <!-- sanity -->
      <group name="master">
        <method signature="TC002_LoginTest.Verify_TC002_login()[pri:0, instance:testCases.TC002_LoginTest@74235045]" name="Verify_TC002_login" class="testCases.TC002_LoginTest"/>
      </group> <!-- master -->
    </groups>
    <test started-at="2025-10-19T17:18:00 IST" name="chrometest" finished-at="2025-10-19T17:18:12 IST" duration-ms="11370">
      <class name="testCases.TC002_LoginTest">
        <test-method is-config="true" signature="setup(java.lang.String,java.lang.String)[pri:0, instance:testCases.TC002_LoginTest@74235045]" started-at="2025-10-19T17:18:09 IST" name="setup" finished-at="2025-10-19T17:18:10 IST" duration-ms="1471" status="PASS">
          <params>
            <param index="0">
              <value>
                <![CDATA[windows]]>
              </value>
            </param>
            <param index="1">
              <value>
                <![CDATA[chrome]]>
              </value>
            </param>
          </params>
          <reporter-output>
          </reporter-output>
        </test-method> <!-- setup -->
        <test-method signature="Verify_TC002_login()[pri:0, instance:testCases.TC002_LoginTest@74235045]" started-at="2025-10-19T17:18:10 IST" name="Verify_TC002_login" finished-at="2025-10-19T17:18:11 IST" duration-ms="1304" status="PASS">
          <reporter-output>
          </reporter-output>
        </test-method> <!-- Verify_TC002_login -->
        <test-method is-config="true" signature="teardown()[pri:0, instance:testCases.TC002_LoginTest@74235045]" started-at="2025-10-19T17:18:11 IST" name="teardown" finished-at="2025-10-19T17:18:12 IST" duration-ms="156" status="PASS">
          <reporter-output>
          </reporter-output>
        </test-method> <!-- teardown -->
      </class> <!-- testCases.TC002_LoginTest -->
      <class name="testCases.TC001_AccountRegistrationTest">
        <test-method is-config="true" signature="setup(java.lang.String,java.lang.String)[pri:0, instance:testCases.TC001_AccountRegistrationTest@41d477ed]" started-at="2025-10-19T17:18:00 IST" name="setup" finished-at="2025-10-19T17:18:03 IST" duration-ms="2935" status="PASS">
          <params>
            <param index="0">
              <value>
                <![CDATA[windows]]>
              </value>
            </param>
            <param index="1">
              <value>
                <![CDATA[chrome]]>
              </value>
            </param>
          </params>
          <reporter-output>
          </reporter-output>
        </test-method> <!-- setup -->
        <test-method signature="verify_account_registration()[pri:0, instance:testCases.TC001_AccountRegistrationTest@41d477ed]" started-at="2025-10-19T17:18:03 IST" name="verify_account_registration" finished-at="2025-10-19T17:18:08 IST" duration-ms="5118" status="PASS">
          <reporter-output>
          </reporter-output>
        </test-method> <!-- verify_account_registration -->
        <test-method is-config="true" signature="teardown()[pri:0, instance:testCases.TC001_AccountRegistrationTest@41d477ed]" started-at="2025-10-19T17:18:08 IST" name="teardown" finished-at="2025-10-19T17:18:09 IST" duration-ms="155" status="PASS">
          <reporter-output>
          </reporter-output>
        </test-method> <!-- teardown -->
      </class> <!-- testCases.TC001_AccountRegistrationTest -->
    </test> <!-- chrometest -->
  </suite> <!-- Suite -->
</testng-results>
